[debug] [2025-08-02T01:46:11.361Z] ----------------------------------------------------------------------
[debug] [2025-08-02T01:46:11.368Z] Command:       C:\Program Files\nodejs\node.exe C:\Users\Al Rahem\AppData\Roaming\npm\node_modules\firebase-tools\lib\bin\firebase.js init
[debug] [2025-08-02T01:46:11.369Z] CLI Version:   14.11.2
[debug] [2025-08-02T01:46:11.369Z] Platform:      win32
[debug] [2025-08-02T01:46:11.369Z] Node Version:  v22.18.0
[debug] [2025-08-02T01:46:11.369Z] Time:          Sat Aug 02 2025 02:46:11 GMT+0100 (British Summer Time)
[debug] [2025-08-02T01:46:11.370Z] ----------------------------------------------------------------------
[debug] 
[debug] [2025-08-02T01:46:11.382Z] > command requires scopes: ["email","openid","https://www.googleapis.com/auth/cloudplatformprojects.readonly","https://www.googleapis.com/auth/firebase","https://www.googleapis.com/auth/cloud-platform"]
[debug] [2025-08-02T01:46:11.382Z] > authorizing via signed-in user (alrahem162@gmail.com)
[info] 
     ######## #### ########  ######## ########     ###     ######  ########
     ##        ##  ##     ## ##       ##     ##  ##   ##  ##       ##
     ######    ##  ########  ######   ########  #########  ######  ######
     ##        ##  ##    ##  ##       ##     ## ##     ##       ## ##
     ##       #### ##     ## ######## ########  ##     ##  ######  ########

You're about to initialize a Firebase project in this directory:

  C:\Users\Al Rahem\OneDrive\Desktop\meal-planner

[info] 
=== Project Setup
[info] 
[info] First, let's associate this project directory with a Firebase project.
[info] You can create multiple project aliases by running firebase use --add, 
[info] but for now we'll just set up a default project.
[info] 
[debug] [2025-08-02T01:48:49.573Z] Checked if tokens are valid: true, expires at: 1754102410168
[debug] [2025-08-02T01:48:49.574Z] Checked if tokens are valid: true, expires at: 1754102410168
[debug] [2025-08-02T01:48:49.578Z] >>> [apiv2][query] GET https://firebase.googleapis.com/v1beta1/projects pageSize=100
[debug] [2025-08-02T01:48:50.173Z] <<< [apiv2][status] GET https://firebase.googleapis.com/v1beta1/projects 200
[debug] [2025-08-02T01:48:50.174Z] <<< [apiv2][body] GET https://firebase.googleapis.com/v1beta1/projects [omitted]
